Mono path[0] = 'D:/documente/An3_sem1/RL/bossfight/NewNewMl_Data/Managed'
Mono config path = 'D:/documente/An3_sem1/RL/bossfight/MonoBleedingEdge/etc'
Initialize engine version: 2020.3.20f1 (41c4e627c95f)
[Subsystems] Discovering subsystems at path D:/documente/An3_sem1/RL/bossfight/NewNewMl_Data/UnitySubsystems
Forcing GfxDevice: Null
GfxDevice: creating device client; threaded=0
NullGfxDevice:
    Version:  NULL 1.0 [1.0]
    Renderer: Null Device
    Vendor:   Unity Technologies
Begin MonoManager ReloadAssembly
- Completed reload, in  0.165 seconds
ERROR: Shader Sprites/Default shader is not supported on this GPU (none of subshaders/fallbacks are suitable)
Microsoft Media Foundation video decoding to texture disabled: graphics device is Null, only Direct3D 11 and Direct3D 12 (only on desktop) are supported for hardware-accelerated video decoding.
ERROR: Shader Sprites/Mask shader is not supported on this GPU (none of subshaders/fallbacks are suitable)
UnloadTime: 1.725600 ms
Fallback handler could not load library D:/documente/An3_sem1/RL/bossfight/NewNewMl_Data/Mono/libcoreclr.so
Fallback handler could not load library D:/documente/An3_sem1/RL/bossfight/NewNewMl_Data/Mono/libcoreclr.so.dll
Fallback handler could not load library D:/documente/An3_sem1/RL/bossfight/NewNewMl_Data/Mono/libcoreclr.so
Fallback handler could not load library D:/documente/An3_sem1/RL/bossfight/NewNewMl_Data/Mono/libdl.so
Fallback handler could not load library D:/documente/An3_sem1/RL/bossfight/NewNewMl_Data/Mono/libdl.so.dll
Fallback handler could not load library D:/documente/An3_sem1/RL/bossfight/NewNewMl_Data/Mono/libdl.so
Fallback handler could not load library D:/documente/An3_sem1/RL/bossfight/NewNewMl_Data/Mono/libSystem.dylib
Fallback handler could not load library D:/documente/An3_sem1/RL/bossfight/NewNewMl_Data/Mono/libSystem.dylib.dll
Fallback handler could not load library D:/documente/An3_sem1/RL/bossfight/NewNewMl_Data/Mono/libSystem.dylib
Fallback handler could not load library D:/documente/An3_sem1/RL/bossfight/NewNewMl_Data/Mono/libcoreclr.so
Fallback handler could not load library D:/documente/An3_sem1/RL/bossfight/NewNewMl_Data/Mono/libcoreclr.so.dll
Fallback handler could not load library D:/documente/An3_sem1/RL/bossfight/NewNewMl_Data/Mono/libcoreclr.so
Fallback handler could not load library D:/documente/An3_sem1/RL/bossfight/NewNewMl_Data/Mono/libdl.so
Fallback handler could not load library D:/documente/An3_sem1/RL/bossfight/NewNewMl_Data/Mono/libdl.so.dll
Fallback handler could not load library D:/documente/An3_sem1/RL/bossfight/NewNewMl_Data/Mono/libdl.so
Fallback handler could not load library D:/documente/An3_sem1/RL/bossfight/NewNewMl_Data/Mono/libSystem.dylib
Fallback handler could not load library D:/documente/An3_sem1/RL/bossfight/NewNewMl_Data/Mono/libSystem.dylib.dll
Fallback handler could not load library D:/documente/An3_sem1/RL/bossfight/NewNewMl_Data/Mono/libSystem.dylib
DontDestroyOnLoad only works for root GameObjects or components on root GameObjects.
Boss entered trigger from: BackgroundCurrentHP: 100
Boss entered trigger from: BackgroundCurrentHP: 100
Boss entered trigger from: BackgroundCurrentHP: 100
Boss entered trigger from: BackgroundCurrentHP: 100
Boss entered trigger from: BackgroundCurrentHP: 100
Boss entered trigger from: BackgroundCurrentHP: 100
Boss entered trigger from: BackgroundCurrentHP: 100
Boss entered trigger from: BackgroundCurrentHP: 100
Boss entered trigger from: BackgroundCurrentHP: 100
Boss entered trigger from: BackgroundCurrentHP: 100
Boss entered trigger from: BackgroundCurrentHP: 100
Boss entered trigger from: BackgroundCurrentHP: 100
Boss entered trigger from: BackgroundCurrentHP: 100
Boss entered trigger from: BackgroundCurrentHP: 100
Boss entered trigger from: BackgroundCurrentHP: 100
Boss entered trigger from: BackgroundCurrentHP: 100
Boss entered trigger from: BackgroundCurrentHP: 100
Boss entered trigger from: BackgroundCurrentHP: 100
Player entered trigger from: BackgroundCurrentHP: 100
Boss entered trigger from: BackgroundCurrentHP: 100
Boss entered trigger from: BackgroundCurrentHP: 100
Boss entered trigger from: BackgroundCurrentHP: 100
Boss entered trigger from: BackgroundCurrentHP: 100
Boss entered trigger from: BackgroundCurrentHP: 100
Boss entered trigger from: BackgroundCurrentHP: 100
Boss entered trigger from: BackgroundCurrentHP: 100
Boss entered trigger from: BackgroundCurrentHP: 100
Boss entered trigger from: BackgroundCurrentHP: 100
Boss entered trigger from: BackgroundCurrentHP: 100
Boss entered trigger from: BackgroundCurrentHP: 100
Boss entered trigger from: BackgroundCurrentHP: 100
Boss entered trigger from: BackgroundCurrentHP: 100
Boss entered trigger from: BackgroundCurrentHP: 100
Boss entered trigger from: BackgroundCurrentHP: 100
Boss entered trigger from: BackgroundCurrentHP: 100
Boss entered trigger from: BackgroundCurrentHP: 100
Boss entered trigger from: BackgroundCurrentHP: 100
Boss entered trigger from: BackgroundCurrentHP: 100
Boss entered trigger from: BackgroundCurrentHP: 100
Boss entered trigger from: BackgroundCurrentHP: 100
Boss entered trigger from: BackgroundCurrentHP: 100
Boss entered trigger from: BackgroundCurrentHP: 100
Boss entered trigger from: BackgroundCurrentHP: 100
Boss entered trigger from: BackgroundCurrentHP: 100
Boss entered trigger from: BackgroundCurrentHP: 100
Boss entered trigger from: BackgroundCurrentHP: 100
Boss entered trigger from: BackgroundCurrentHP: 100
Boss entered trigger from: BackgroundCurrentHP: 100
Boss entered trigger from: BackgroundCurrentHP: 100
Boss entered trigger from: BackgroundCurrentHP: 100
Boss entered trigger from: BackgroundCurrentHP: 100
Boss entered trigger from: BackgroundCurrentHP: 100
Boss entered trigger from: BackgroundCurrentHP: 100
Boss entered trigger from: BackgroundCurrentHP: 100
Boss entered trigger from: BackgroundCurrentHP: 100
Boss entered trigger from: BackgroundCurrentHP: 100
Boss entered trigger from: BackgroundCurrentHP: 100
Boss entered trigger from: BackgroundCurrentHP: 100
Boss entered trigger from: BackgroundCurrentHP: 100
Boss entered trigger from: BackgroundCurrentHP: 100
Boss entered trigger from: BackgroundCurrentHP: 100
Boss entered trigger from: BackgroundCurrentHP: 100
Boss entered trigger from: BackgroundCurrentHP: 100
Boss entered trigger from: BackgroundCurrentHP: 100
Boss entered trigger from: BackgroundCurrentHP: 100
Player entered trigger from: BackgroundCurrentHP: 100
Player entered trigger from: BackgroundCurrentHP: 100
Player entered trigger from: BackgroundCurrentHP: 100
Player entered trigger from: BackgroundCurrentHP: 100
Player entered trigger from: BackgroundCurrentHP: 100
Player entered trigger from: BackgroundCurrentHP: 100
Player entered trigger from: BackgroundCurrentHP: 100
Player entered trigger from: BackgroundCurrentHP: 100
Player entered trigger from: BackgroundCurrentHP: 100
Player entered trigger from: BackgroundCurrentHP: 100
Player entered trigger from: BackgroundCurrentHP: 100
Player entered trigger from: BackgroundCurrentHP: 100
Player entered trigger from: BackgroundCurrentHP: 100
Player entered trigger from: BackgroundCurrentHP: 100
Player entered trigger from: BackgroundCurrentHP: 100
Player entered trigger from: BackgroundCurrentHP: 100
Player entered trigger from: BackgroundCurrentHP: 100
Player entered trigger from: BackgroundCurrentHP: 100
Player entered trigger from: BackgroundCurrentHP: 100
Player entered trigger from: BackgroundCurrentHP: 100
Player entered trigger from: BackgroundCurrentHP: 100
Player entered trigger from: BackgroundCurrentHP: 100
Player entered trigger from: BackgroundCurrentHP: 100
Player entered trigger from: BackgroundCurrentHP: 100
Player entered trigger from: BackgroundCurrentHP: 100
Player entered trigger from: BackgroundCurrentHP: 100
Player entered trigger from: BackgroundCurrentHP: 100
Player entered trigger from: BackgroundCurrentHP: 100
Player entered trigger from: BackgroundCurrentHP: 100
Player entered trigger from: BackgroundCurrentHP: 100
Player entered trigger from: BackgroundCurrentHP: 100
Player entered trigger from: BackgroundCurrentHP: 100
Player entered trigger from: BackgroundCurrentHP: 100
Player entered trigger from: BackgroundCurrentHP: 100
Player entered trigger from: BackgroundCurrentHP: 100
Player entered trigger from: BackgroundCurrentHP: 100
Player entered trigger from: BackgroundCurrentHP: 100
Player entered trigger from: BackgroundCurrentHP: 100
Player entered trigger from: BackgroundCurrentHP: 100
Player entered trigger from: BackgroundCurrentHP: 100
Player entered trigger from: BackgroundCurrentHP: 100
Player entered trigger from: BackgroundCurrentHP: 100
Player entered trigger from: BackgroundCurrentHP: 100
Player entered trigger from: BackgroundCurrentHP: 100
Player entered trigger from: BackgroundCurrentHP: 100
Player entered trigger from: BackgroundCurrentHP: 100
Player entered trigger from: BackgroundCurrentHP: 100
Player entered trigger from: BackgroundCurrentHP: 100
Player entered trigger from: BackgroundCurrentHP: 100
Player entered trigger from: BackgroundCurrentHP: 100
Player entered trigger from: BackgroundCurrentHP: 100
Player entered trigger from: BackgroundCurrentHP: 100
Player entered trigger from: BackgroundCurrentHP: 100
Player entered trigger from: BackgroundCurrentHP: 100
Player entered trigger from: BackgroundCurrentHP: 100
Player entered trigger from: BackgroundCurrentHP: 100
Player entered trigger from: BackgroundCurrentHP: 100
Player entered trigger from: BackgroundCurrentHP: 100
Player entered trigger from: BackgroundCurrentHP: 100
Player entered trigger from: BackgroundCurrentHP: 100
Player entered trigger from: BackgroundCurrentHP: 100
Player entered trigger from: BackgroundCurrentHP: 100
Player entered trigger from: BackgroundCurrentHP: 100
Setting up 4 worker threads for Enlighten.
  Thread -> id: 13a4 -> priority: 1 
  Thread -> id: 3ba0 -> priority: 1 
  Thread -> id: 2d74 -> priority: 1 
  Thread -> id: 3484 -> priority: 1 
